<?xml version="1.0" encoding="UTF-8"?>
<testng-results total="1" passed="1" failed="0" skipped="0">
  <reporter-output>
  </reporter-output>
  <suite started-at="2023-02-26T08:48:03Z" name="Default suite" finished-at="2023-02-26T08:48:24Z" duration-ms="21274">
    <groups>
    </groups>
    <test started-at="2023-02-26T08:48:03Z" name="Default test" finished-at="2023-02-26T08:48:24Z" duration-ms="21274">
      <class name="Imdb">
        <test-method is-config="true" signature="setUpSuite()[pri:0, instance:Imdb@4da602fc]" started-at="2023-02-26T14:18:02Z" name="setUpSuite" finished-at="2023-02-26T14:18:03Z" duration-ms="472" status="PASS">
          <reporter-output>
          </reporter-output>
        </test-method> <!-- setUpSuite -->
        <test-method signature="pushpaMovieTest()[pri:0, instance:Imdb@4da602fc]" started-at="2023-02-26T14:18:03Z" name="pushpaMovieTest" finished-at="2023-02-26T14:18:24Z" duration-ms="21171" status="PASS">
          <reporter-output>
          </reporter-output>
        </test-method> <!-- pushpaMovieTest -->
      </class> <!-- Imdb -->
    </test> <!-- Default test -->
  </suite> <!-- Default suite -->
</testng-results>
